<?xml version="1.0" encoding="UTF-8"?>
<!-- Generated by org.testng.reporters.JUnitReportReporter -->
<testsuite hostname="NU14A1" failures="0" tests="1" name="day20.Demo1" time="0.063" errors="0" timestamp="2023-06-22T20:39:55 IST" skipped="0">
  <testcase classname="day20.Demo1" name="testA" time="0.063"/>
  <system-out>
    <![CDATA[testA....Bangaluru]]>
  </system-out>
</testsuite> <!-- day20.Demo1 -->
